2024-09-23 19:29:06 +0000 - dagster - DEBUG - __ASSET_JOB - 7932ae39-fcee-4395-b240-52f8ad8e67df - 2406 - LOGS_CAPTURED - Started capturing logs in process (pid: 2406).
2024-09-23 19:29:06 +0000 - dagster - DEBUG - __ASSET_JOB - 7932ae39-fcee-4395-b240-52f8ad8e67df - 2406 - run_dbt_7daad - STEP_START - Started execution of step "run_dbt_7daad".
2024-09-23 19:29:06 +0000 - dagster - INFO - resource:dbt - 7932ae39-fcee-4395-b240-52f8ad8e67df - run_dbt_7daad - Executing command: dbt --no-use-colors --log-format json build --project-dir /dagster-dbt/postcard_company_dm/postcard_company_dm/../dbt --profiles-dir /dagster-dbt/postcard_company_dm/postcard_company_dm/../dbt/config --select fqn:*
2024-09-23 19:29:09 +0000 - dagster - INFO - resource:dbt - 7932ae39-fcee-4395-b240-52f8ad8e67df - run_dbt_7daad - Running with dbt=1.8.2
2024-09-23 19:29:10 +0000 - dagster - INFO - resource:dbt - 7932ae39-fcee-4395-b240-52f8ad8e67df - run_dbt_7daad - Registered adapter: duckdb=1.8.1
2024-09-23 19:29:10 +0000 - dagster - INFO - resource:dbt - 7932ae39-fcee-4395-b240-52f8ad8e67df - run_dbt_7daad - Found 22 models, 1 test, 1 seed, 7 sources, 528 macros
2024-09-23 19:29:10 +0000 - dagster - INFO - resource:dbt - 7932ae39-fcee-4395-b240-52f8ad8e67df - run_dbt_7daad
2024-09-23 19:29:15 +0000 - dagster - INFO - resource:dbt - 7932ae39-fcee-4395-b240-52f8ad8e67df - run_dbt_7daad - Concurrency: 1 threads (target='local')
2024-09-23 19:29:15 +0000 - dagster - INFO - resource:dbt - 7932ae39-fcee-4395-b240-52f8ad8e67df - run_dbt_7daad
2024-09-23 19:29:15 +0000 - dagster - INFO - resource:dbt - 7932ae39-fcee-4395-b240-52f8ad8e67df - run_dbt_7daad - 1 of 24 START sql table model postcard_company_core.dim_date ................... [RUN]
2024-09-23 19:29:15 +0000 - dagster - DEBUG - __ASSET_JOB - 7932ae39-fcee-4395-b240-52f8ad8e67df - 2406 - run_dbt_7daad - STEP_OUTPUT - Yielded output "model_postcard_company_dim_date" of type "Nothing". (Type check passed).
2024-09-23 19:29:15 +0000 - dagster - DEBUG - __ASSET_JOB - 7932ae39-fcee-4395-b240-52f8ad8e67df - 2406 - run_dbt_7daad - ASSET_MATERIALIZATION - Materialized value core dim_date.
2024-09-23 19:29:15 +0000 - dagster - INFO - resource:dbt - 7932ae39-fcee-4395-b240-52f8ad8e67df - run_dbt_7daad - 1 of 24 OK created sql table model postcard_company_core.dim_date .............. [OK in 0.45s]
2024-09-23 19:29:15 +0000 - dagster - INFO - resource:dbt - 7932ae39-fcee-4395-b240-52f8ad8e67df - run_dbt_7daad - 2 of 24 START sql table model postcard_company_raw.raw_channels ................ [RUN]
2024-09-23 19:29:15 +0000 - dagster - DEBUG - __ASSET_JOB - 7932ae39-fcee-4395-b240-52f8ad8e67df - 2406 - run_dbt_7daad - STEP_OUTPUT - Yielded output "model_postcard_company_raw_channels" of type "Nothing". (Type check passed).
2024-09-23 19:29:16 +0000 - dagster - DEBUG - __ASSET_JOB - 7932ae39-fcee-4395-b240-52f8ad8e67df - 2406 - run_dbt_7daad - ASSET_MATERIALIZATION - Materialized value raw raw_channels.
2024-09-23 19:29:16 +0000 - dagster - INFO - resource:dbt - 7932ae39-fcee-4395-b240-52f8ad8e67df - run_dbt_7daad - 2 of 24 OK created sql table model postcard_company_raw.raw_channels ........... [OK in 0.32s]
2024-09-23 19:29:16 +0000 - dagster - INFO - resource:dbt - 7932ae39-fcee-4395-b240-52f8ad8e67df - run_dbt_7daad - 3 of 24 START sql table model postcard_company_raw.raw_customers ............... [RUN]
2024-09-23 19:29:16 +0000 - dagster - DEBUG - __ASSET_JOB - 7932ae39-fcee-4395-b240-52f8ad8e67df - 2406 - run_dbt_7daad - STEP_OUTPUT - Yielded output "model_postcard_company_raw_customers" of type "Nothing". (Type check passed).
2024-09-23 19:29:16 +0000 - dagster - DEBUG - __ASSET_JOB - 7932ae39-fcee-4395-b240-52f8ad8e67df - 2406 - run_dbt_7daad - ASSET_MATERIALIZATION - Materialized value raw raw_customers.
2024-09-23 19:29:16 +0000 - dagster - INFO - resource:dbt - 7932ae39-fcee-4395-b240-52f8ad8e67df - run_dbt_7daad - 3 of 24 OK created sql table model postcard_company_raw.raw_customers .......... [OK in 0.63s]
2024-09-23 19:29:16 +0000 - dagster - INFO - resource:dbt - 7932ae39-fcee-4395-b240-52f8ad8e67df - run_dbt_7daad - 4 of 24 START sql table model postcard_company_raw.raw_products ................ [RUN]
2024-09-23 19:29:16 +0000 - dagster - DEBUG - __ASSET_JOB - 7932ae39-fcee-4395-b240-52f8ad8e67df - 2406 - run_dbt_7daad - STEP_OUTPUT - Yielded output "model_postcard_company_raw_products" of type "Nothing". (Type check passed).
2024-09-23 19:29:17 +0000 - dagster - DEBUG - __ASSET_JOB - 7932ae39-fcee-4395-b240-52f8ad8e67df - 2406 - run_dbt_7daad - ASSET_MATERIALIZATION - Materialized value raw raw_products.
2024-09-23 19:29:17 +0000 - dagster - INFO - resource:dbt - 7932ae39-fcee-4395-b240-52f8ad8e67df - run_dbt_7daad - 4 of 24 OK created sql table model postcard_company_raw.raw_products ........... [OK in 0.32s]
2024-09-23 19:29:17 +0000 - dagster - INFO - resource:dbt - 7932ae39-fcee-4395-b240-52f8ad8e67df - run_dbt_7daad - 5 of 24 START sql table model postcard_company_raw.raw_resellers ............... [RUN]
2024-09-23 19:29:17 +0000 - dagster - DEBUG - __ASSET_JOB - 7932ae39-fcee-4395-b240-52f8ad8e67df - 2406 - run_dbt_7daad - STEP_OUTPUT - Yielded output "model_postcard_company_raw_resellers" of type "Nothing". (Type check passed).
2024-09-23 19:29:17 +0000 - dagster - DEBUG - __ASSET_JOB - 7932ae39-fcee-4395-b240-52f8ad8e67df - 2406 - run_dbt_7daad - ASSET_MATERIALIZATION - Materialized value raw raw_resellers.
2024-09-23 19:29:17 +0000 - dagster - INFO - resource:dbt - 7932ae39-fcee-4395-b240-52f8ad8e67df - run_dbt_7daad - 5 of 24 OK created sql table model postcard_company_raw.raw_resellers .......... [OK in 0.40s]
2024-09-23 19:29:17 +0000 - dagster - INFO - resource:dbt - 7932ae39-fcee-4395-b240-52f8ad8e67df - run_dbt_7daad - 6 of 24 START sql table model postcard_company_raw.raw_resellers_csv ........... [RUN]
2024-09-23 19:29:25 +0000 - dagster - DEBUG - __ASSET_JOB - 7932ae39-fcee-4395-b240-52f8ad8e67df - 2406 - run_dbt_7daad - STEP_OUTPUT - Yielded output "model_postcard_company_raw_resellers_csv" of type "Nothing". (Type check passed).
2024-09-23 19:29:25 +0000 - dagster - DEBUG - __ASSET_JOB - 7932ae39-fcee-4395-b240-52f8ad8e67df - 2406 - run_dbt_7daad - ASSET_MATERIALIZATION - Materialized value raw raw_resellers_csv.
2024-09-23 19:29:25 +0000 - dagster - INFO - resource:dbt - 7932ae39-fcee-4395-b240-52f8ad8e67df - run_dbt_7daad - 6 of 24 OK created sql table model postcard_company_raw.raw_resellers_csv ...... [OK in 7.73s]
2024-09-23 19:29:25 +0000 - dagster - INFO - resource:dbt - 7932ae39-fcee-4395-b240-52f8ad8e67df - run_dbt_7daad - 7 of 24 START sql table model postcard_company_raw.raw_resellers_json .......... [RUN]
2024-09-23 19:29:27 +0000 - dagster - DEBUG - __ASSET_JOB - 7932ae39-fcee-4395-b240-52f8ad8e67df - 2406 - run_dbt_7daad - STEP_OUTPUT - Yielded output "model_postcard_company_raw_resellers_json" of type "Nothing". (Type check passed).
2024-09-23 19:29:27 +0000 - dagster - DEBUG - __ASSET_JOB - 7932ae39-fcee-4395-b240-52f8ad8e67df - 2406 - run_dbt_7daad - ASSET_MATERIALIZATION - Materialized value raw raw_resellers_json.
2024-09-23 19:29:27 +0000 - dagster - INFO - resource:dbt - 7932ae39-fcee-4395-b240-52f8ad8e67df - run_dbt_7daad - 7 of 24 OK created sql table model postcard_company_raw.raw_resellers_json ..... [OK in 1.91s]
2024-09-23 19:29:27 +0000 - dagster - INFO - resource:dbt - 7932ae39-fcee-4395-b240-52f8ad8e67df - run_dbt_7daad - 8 of 24 START sql table model postcard_company_raw.raw_transactions ............ [RUN]
2024-09-23 19:29:28 +0000 - dagster - DEBUG - __ASSET_JOB - 7932ae39-fcee-4395-b240-52f8ad8e67df - 2406 - run_dbt_7daad - STEP_OUTPUT - Yielded output "model_postcard_company_raw_transactions" of type "Nothing". (Type check passed).
2024-09-23 19:29:28 +0000 - dagster - DEBUG - __ASSET_JOB - 7932ae39-fcee-4395-b240-52f8ad8e67df - 2406 - run_dbt_7daad - ASSET_MATERIALIZATION - Materialized value raw raw_transactions.
2024-09-23 19:29:28 +0000 - dagster - INFO - resource:dbt - 7932ae39-fcee-4395-b240-52f8ad8e67df - run_dbt_7daad - 8 of 24 OK created sql table model postcard_company_raw.raw_transactions ....... [OK in 1.37s]
2024-09-23 19:29:28 +0000 - dagster - INFO - resource:dbt - 7932ae39-fcee-4395-b240-52f8ad8e67df - run_dbt_7daad - 9 of 24 START seed file postcard_company_raw.geography ......................... [RUN]
2024-09-23 19:29:28 +0000 - dagster - DEBUG - __ASSET_JOB - 7932ae39-fcee-4395-b240-52f8ad8e67df - 2406 - run_dbt_7daad - STEP_OUTPUT - Yielded output "seed_postcard_company_geography" of type "Nothing". (Type check passed).
2024-09-23 19:29:28 +0000 - dagster - DEBUG - __ASSET_JOB - 7932ae39-fcee-4395-b240-52f8ad8e67df - 2406 - run_dbt_7daad - ASSET_MATERIALIZATION - Materialized value raw geography.
2024-09-23 19:29:28 +0000 - dagster - INFO - resource:dbt - 7932ae39-fcee-4395-b240-52f8ad8e67df - run_dbt_7daad - 9 of 24 OK loaded seed file postcard_company_raw.geography ..................... [INSERT 100 in 0.29s]
2024-09-23 19:29:28 +0000 - dagster - INFO - resource:dbt - 7932ae39-fcee-4395-b240-52f8ad8e67df - run_dbt_7daad - 10 of 24 START sql table model postcard_company_staging.staging_channels ....... [RUN]
2024-09-23 19:29:28 +0000 - dagster - DEBUG - __ASSET_JOB - 7932ae39-fcee-4395-b240-52f8ad8e67df - 2406 - run_dbt_7daad - STEP_OUTPUT - Yielded output "model_postcard_company_staging_channels" of type "Nothing". (Type check passed).
2024-09-23 19:29:29 +0000 - dagster - DEBUG - __ASSET_JOB - 7932ae39-fcee-4395-b240-52f8ad8e67df - 2406 - run_dbt_7daad - ASSET_MATERIALIZATION - Materialized value staging staging_channels.
2024-09-23 19:29:29 +0000 - dagster - INFO - resource:dbt - 7932ae39-fcee-4395-b240-52f8ad8e67df - run_dbt_7daad - 10 of 24 OK created sql table model postcard_company_staging.staging_channels .. [OK in 0.25s]
2024-09-23 19:29:29 +0000 - dagster - INFO - resource:dbt - 7932ae39-fcee-4395-b240-52f8ad8e67df - run_dbt_7daad - 11 of 24 START sql table model postcard_company_staging.staging_resellers ...... [RUN]
2024-09-23 19:29:29 +0000 - dagster - DEBUG - __ASSET_JOB - 7932ae39-fcee-4395-b240-52f8ad8e67df - 2406 - run_dbt_7daad - STEP_OUTPUT - Yielded output "model_postcard_company_staging_resellers" of type "Nothing". (Type check passed).
2024-09-23 19:29:29 +0000 - dagster - DEBUG - __ASSET_JOB - 7932ae39-fcee-4395-b240-52f8ad8e67df - 2406 - run_dbt_7daad - ASSET_MATERIALIZATION - Materialized value staging staging_resellers.
2024-09-23 19:29:29 +0000 - dagster - INFO - resource:dbt - 7932ae39-fcee-4395-b240-52f8ad8e67df - run_dbt_7daad - 11 of 24 OK created sql table model postcard_company_staging.staging_resellers . [OK in 0.26s]
2024-09-23 19:29:29 +0000 - dagster - INFO - resource:dbt - 7932ae39-fcee-4395-b240-52f8ad8e67df - run_dbt_7daad - 12 of 24 START sql table model postcard_company_core.dim_geography ............. [RUN]
2024-09-23 19:29:29 +0000 - dagster - DEBUG - __ASSET_JOB - 7932ae39-fcee-4395-b240-52f8ad8e67df - 2406 - run_dbt_7daad - STEP_OUTPUT - Yielded output "model_postcard_company_dim_geography" of type "Nothing". (Type check passed).
2024-09-23 19:29:29 +0000 - dagster - DEBUG - __ASSET_JOB - 7932ae39-fcee-4395-b240-52f8ad8e67df - 2406 - run_dbt_7daad - ASSET_MATERIALIZATION - Materialized value core dim_geography.
2024-09-23 19:29:29 +0000 - dagster - INFO - resource:dbt - 7932ae39-fcee-4395-b240-52f8ad8e67df - run_dbt_7daad - 12 of 24 OK created sql table model postcard_company_core.dim_geography ........ [OK in 0.25s]
2024-09-23 19:29:29 +0000 - dagster - INFO - resource:dbt - 7932ae39-fcee-4395-b240-52f8ad8e67df - run_dbt_7daad - 13 of 24 START sql table model postcard_company_staging.staging_products ....... [RUN]
2024-09-23 19:29:29 +0000 - dagster - DEBUG - __ASSET_JOB - 7932ae39-fcee-4395-b240-52f8ad8e67df - 2406 - run_dbt_7daad - STEP_OUTPUT - Yielded output "model_postcard_company_staging_products" of type "Nothing". (Type check passed).
2024-09-23 19:29:29 +0000 - dagster - DEBUG - __ASSET_JOB - 7932ae39-fcee-4395-b240-52f8ad8e67df - 2406 - run_dbt_7daad - ASSET_MATERIALIZATION - Materialized value staging staging_products.
2024-09-23 19:29:29 +0000 - dagster - INFO - resource:dbt - 7932ae39-fcee-4395-b240-52f8ad8e67df - run_dbt_7daad - 13 of 24 OK created sql table model postcard_company_staging.staging_products .. [OK in 0.28s]
2024-09-23 19:29:29 +0000 - dagster - INFO - resource:dbt - 7932ae39-fcee-4395-b240-52f8ad8e67df - run_dbt_7daad - 14 of 24 START sql table model postcard_company_core.dim_channel ............... [RUN]
2024-09-23 19:29:30 +0000 - dagster - DEBUG - __ASSET_JOB - 7932ae39-fcee-4395-b240-52f8ad8e67df - 2406 - run_dbt_7daad - STEP_OUTPUT - Yielded output "model_postcard_company_dim_channel" of type "Nothing". (Type check passed).
2024-09-23 19:29:30 +0000 - dagster - DEBUG - __ASSET_JOB - 7932ae39-fcee-4395-b240-52f8ad8e67df - 2406 - run_dbt_7daad - ASSET_MATERIALIZATION - Materialized value core dim_channel.
2024-09-23 19:29:30 +0000 - dagster - INFO - resource:dbt - 7932ae39-fcee-4395-b240-52f8ad8e67df - run_dbt_7daad - 14 of 24 OK created sql table model postcard_company_core.dim_channel .......... [OK in 0.25s]
2024-09-23 19:29:30 +0000 - dagster - INFO - resource:dbt - 7932ae39-fcee-4395-b240-52f8ad8e67df - run_dbt_7daad - 15 of 24 START sql table model postcard_company_core.dim_salesagent ............ [RUN]
2024-09-23 19:29:30 +0000 - dagster - DEBUG - __ASSET_JOB - 7932ae39-fcee-4395-b240-52f8ad8e67df - 2406 - run_dbt_7daad - STEP_OUTPUT - Yielded output "model_postcard_company_dim_salesagent" of type "Nothing". (Type check passed).
2024-09-23 19:29:30 +0000 - dagster - DEBUG - __ASSET_JOB - 7932ae39-fcee-4395-b240-52f8ad8e67df - 2406 - run_dbt_7daad - ASSET_MATERIALIZATION - Materialized value core dim_salesagent.
2024-09-23 19:29:30 +0000 - dagster - INFO - resource:dbt - 7932ae39-fcee-4395-b240-52f8ad8e67df - run_dbt_7daad - 15 of 24 OK created sql table model postcard_company_core.dim_salesagent ....... [OK in 0.25s]
2024-09-23 19:29:30 +0000 - dagster - INFO - resource:dbt - 7932ae39-fcee-4395-b240-52f8ad8e67df - run_dbt_7daad - 16 of 24 START sql table model postcard_company_core.dim_product ............... [RUN]
2024-09-23 19:29:30 +0000 - dagster - DEBUG - __ASSET_JOB - 7932ae39-fcee-4395-b240-52f8ad8e67df - 2406 - run_dbt_7daad - STEP_OUTPUT - Yielded output "model_postcard_company_dim_product" of type "Nothing". (Type check passed).
2024-09-23 19:29:30 +0000 - dagster - DEBUG - __ASSET_JOB - 7932ae39-fcee-4395-b240-52f8ad8e67df - 2406 - run_dbt_7daad - ASSET_MATERIALIZATION - Materialized value core dim_product.
2024-09-23 19:29:30 +0000 - dagster - INFO - resource:dbt - 7932ae39-fcee-4395-b240-52f8ad8e67df - run_dbt_7daad - 16 of 24 OK created sql table model postcard_company_core.dim_product .......... [OK in 0.26s]
2024-09-23 19:29:30 +0000 - dagster - INFO - resource:dbt - 7932ae39-fcee-4395-b240-52f8ad8e67df - run_dbt_7daad - 17 of 24 START sql table model postcard_company_staging.staging_customers ...... [RUN]
2024-09-23 19:29:31 +0000 - dagster - DEBUG - __ASSET_JOB - 7932ae39-fcee-4395-b240-52f8ad8e67df - 2406 - run_dbt_7daad - STEP_OUTPUT - Yielded output "model_postcard_company_staging_customers" of type "Nothing". (Type check passed).
2024-09-23 19:29:32 +0000 - dagster - DEBUG - __ASSET_JOB - 7932ae39-fcee-4395-b240-52f8ad8e67df - 2406 - run_dbt_7daad - ASSET_MATERIALIZATION - Materialized value staging staging_customers.
2024-09-23 19:29:32 +0000 - dagster - INFO - resource:dbt - 7932ae39-fcee-4395-b240-52f8ad8e67df - run_dbt_7daad - 17 of 24 OK created sql table model postcard_company_staging.staging_customers . [OK in 1.02s]
2024-09-23 19:29:32 +0000 - dagster - INFO - resource:dbt - 7932ae39-fcee-4395-b240-52f8ad8e67df - run_dbt_7daad - 18 of 24 START sql table model postcard_company_core.dim_customer .............. [RUN]
2024-09-23 19:29:32 +0000 - dagster - DEBUG - __ASSET_JOB - 7932ae39-fcee-4395-b240-52f8ad8e67df - 2406 - run_dbt_7daad - STEP_OUTPUT - Yielded output "model_postcard_company_dim_customer" of type "Nothing". (Type check passed).
2024-09-23 19:29:32 +0000 - dagster - DEBUG - __ASSET_JOB - 7932ae39-fcee-4395-b240-52f8ad8e67df - 2406 - run_dbt_7daad - ASSET_MATERIALIZATION - Materialized value core dim_customer.
2024-09-23 19:29:32 +0000 - dagster - INFO - resource:dbt - 7932ae39-fcee-4395-b240-52f8ad8e67df - run_dbt_7daad - 18 of 24 OK created sql table model postcard_company_core.dim_customer ......... [OK in 0.88s]
2024-09-23 19:29:32 +0000 - dagster - INFO - resource:dbt - 7932ae39-fcee-4395-b240-52f8ad8e67df - run_dbt_7daad - 19 of 24 START sql incremental model postcard_company_staging.staging_transactions_main  [RUN]
2024-09-23 19:29:33 +0000 - dagster - DEBUG - __ASSET_JOB - 7932ae39-fcee-4395-b240-52f8ad8e67df - 2406 - run_dbt_7daad - STEP_OUTPUT - Yielded output "model_postcard_company_staging_transactions_main" of type "Nothing". (Type check passed).
2024-09-23 19:29:33 +0000 - dagster - DEBUG - __ASSET_JOB - 7932ae39-fcee-4395-b240-52f8ad8e67df - 2406 - run_dbt_7daad - ASSET_MATERIALIZATION - Materialized value staging staging_transactions_main.
2024-09-23 19:29:33 +0000 - dagster - INFO - resource:dbt - 7932ae39-fcee-4395-b240-52f8ad8e67df - run_dbt_7daad - 19 of 24 OK created sql incremental model postcard_company_staging.staging_transactions_main  [OK in 1.20s]
2024-09-23 19:29:33 +0000 - dagster - INFO - resource:dbt - 7932ae39-fcee-4395-b240-52f8ad8e67df - run_dbt_7daad - 20 of 24 START sql incremental model postcard_company_staging.staging_transactions_resellers_csv  [RUN]
2024-09-23 19:29:34 +0000 - dagster - DEBUG - __ASSET_JOB - 7932ae39-fcee-4395-b240-52f8ad8e67df - 2406 - run_dbt_7daad - STEP_OUTPUT - Yielded output "model_postcard_company_staging_transactions_resellers_csv" of type "Nothing". (Type check passed).
2024-09-23 19:29:34 +0000 - dagster - DEBUG - __ASSET_JOB - 7932ae39-fcee-4395-b240-52f8ad8e67df - 2406 - run_dbt_7daad - ASSET_MATERIALIZATION - Materialized value staging staging_transactions_resellers_csv.
2024-09-23 19:29:34 +0000 - dagster - INFO - resource:dbt - 7932ae39-fcee-4395-b240-52f8ad8e67df - run_dbt_7daad - 20 of 24 OK created sql incremental model postcard_company_staging.staging_transactions_resellers_csv  [OK in 0.58s]
2024-09-23 19:29:34 +0000 - dagster - INFO - resource:dbt - 7932ae39-fcee-4395-b240-52f8ad8e67df - run_dbt_7daad - 21 of 24 START sql incremental model postcard_company_staging.staging_transactions_resellers_json  [RUN]
2024-09-23 19:29:34 +0000 - dagster - DEBUG - __ASSET_JOB - 7932ae39-fcee-4395-b240-52f8ad8e67df - 2406 - run_dbt_7daad - STEP_OUTPUT - Yielded output "model_postcard_company_staging_transactions_resellers_json" of type "Nothing". (Type check passed).
2024-09-23 19:29:34 +0000 - dagster - DEBUG - __ASSET_JOB - 7932ae39-fcee-4395-b240-52f8ad8e67df - 2406 - run_dbt_7daad - ASSET_MATERIALIZATION - Materialized value staging staging_transactions_resellers_json.
2024-09-23 19:29:34 +0000 - dagster - INFO - resource:dbt - 7932ae39-fcee-4395-b240-52f8ad8e67df - run_dbt_7daad - 21 of 24 OK created sql incremental model postcard_company_staging.staging_transactions_resellers_json  [OK in 0.35s]
2024-09-23 19:29:34 +0000 - dagster - INFO - resource:dbt - 7932ae39-fcee-4395-b240-52f8ad8e67df - run_dbt_7daad - 22 of 24 START sql table model postcard_company_staging.staging_transactions ... [RUN]
2024-09-23 19:29:35 +0000 - dagster - DEBUG - __ASSET_JOB - 7932ae39-fcee-4395-b240-52f8ad8e67df - 2406 - run_dbt_7daad - STEP_OUTPUT - Yielded output "model_postcard_company_staging_transactions" of type "Nothing". (Type check passed).
2024-09-23 19:29:36 +0000 - dagster - DEBUG - __ASSET_JOB - 7932ae39-fcee-4395-b240-52f8ad8e67df - 2406 - run_dbt_7daad - ASSET_MATERIALIZATION - Materialized value staging staging_transactions.
2024-09-23 19:29:36 +0000 - dagster - INFO - resource:dbt - 7932ae39-fcee-4395-b240-52f8ad8e67df - run_dbt_7daad - 22 of 24 OK created sql table model postcard_company_staging.staging_transactions  [OK in 1.08s]
2024-09-23 19:29:36 +0000 - dagster - INFO - resource:dbt - 7932ae39-fcee-4395-b240-52f8ad8e67df - run_dbt_7daad - 23 of 24 START sql table model postcard_company_core.fact_sales ................ [RUN]
2024-09-23 19:29:36 +0000 - dagster - DEBUG - __ASSET_JOB - 7932ae39-fcee-4395-b240-52f8ad8e67df - 2406 - run_dbt_7daad - STEP_OUTPUT - Yielded output "model_postcard_company_fact_sales" of type "Nothing". (Type check passed).
2024-09-23 19:29:36 +0000 - dagster - DEBUG - __ASSET_JOB - 7932ae39-fcee-4395-b240-52f8ad8e67df - 2406 - run_dbt_7daad - ASSET_MATERIALIZATION - Materialized value core fact_sales.
2024-09-23 19:29:36 +0000 - dagster - INFO - resource:dbt - 7932ae39-fcee-4395-b240-52f8ad8e67df - run_dbt_7daad - 23 of 24 OK created sql table model postcard_company_core.fact_sales ........... [OK in 0.92s]
2024-09-23 19:29:36 +0000 - dagster - INFO - resource:dbt - 7932ae39-fcee-4395-b240-52f8ad8e67df - run_dbt_7daad - 24 of 24 START test total_amount_is_non_negative ............................... [RUN]
2024-09-23 19:29:36 +0000 - dagster - DEBUG - __ASSET_JOB - 7932ae39-fcee-4395-b240-52f8ad8e67df - 2406 - run_dbt_7daad - ASSET_OBSERVATION - DagsterEventType.ASSET_OBSERVATION for step run_dbt_7daad
2024-09-23 19:29:36 +0000 - dagster - INFO - resource:dbt - 7932ae39-fcee-4395-b240-52f8ad8e67df - run_dbt_7daad - 24 of 24 PASS total_amount_is_non_negative ..................................... [PASS in 0.23s]
2024-09-23 19:29:37 +0000 - dagster - INFO - resource:dbt - 7932ae39-fcee-4395-b240-52f8ad8e67df - run_dbt_7daad
2024-09-23 19:29:37 +0000 - dagster - INFO - resource:dbt - 7932ae39-fcee-4395-b240-52f8ad8e67df - run_dbt_7daad - Finished running 19 table models, 1 seed, 3 incremental models, 1 test in 0 hours 0 minutes and 26.15 seconds (26.15s).
2024-09-23 19:29:37 +0000 - dagster - INFO - resource:dbt - 7932ae39-fcee-4395-b240-52f8ad8e67df - run_dbt_7daad
2024-09-23 19:29:37 +0000 - dagster - INFO - resource:dbt - 7932ae39-fcee-4395-b240-52f8ad8e67df - run_dbt_7daad - Completed successfully
2024-09-23 19:29:37 +0000 - dagster - INFO - resource:dbt - 7932ae39-fcee-4395-b240-52f8ad8e67df - run_dbt_7daad
2024-09-23 19:29:37 +0000 - dagster - INFO - resource:dbt - 7932ae39-fcee-4395-b240-52f8ad8e67df - run_dbt_7daad - Done. PASS=24 WARN=0 ERROR=0 SKIP=0 TOTAL=24
2024-09-23 19:29:38 +0000 - dagster - INFO - resource:dbt - 7932ae39-fcee-4395-b240-52f8ad8e67df - run_dbt_7daad - dbt exited with return code 0
2024-09-23 19:29:38 +0000 - dagster - INFO - __ASSET_JOB - 7932ae39-fcee-4395-b240-52f8ad8e67df - run_dbt_7daad - op 'run_dbt_7daad' did not yield or return expected outputs {'core__fact_sales_total_amount_is_non_negative'}.
2024-09-23 19:29:38 +0000 - dagster - DEBUG - __ASSET_JOB - 7932ae39-fcee-4395-b240-52f8ad8e67df - 2406 - run_dbt_7daad - STEP_SUCCESS - Finished execution of step "run_dbt_7daad" in 31.78s.
